
> skinlove-next@0.1.0 build
> prisma generate && next build

Loaded Prisma config from prisma.config.ts.

Prisma schema loaded from prisma\schema.prisma.

✔ Generated Prisma Client (v7.5.0) to .\node_modules\@prisma\client in 539ms

Start by importing your Prisma Client (See: https://pris.ly/d/importing-client)


▲ Next.js 16.2.0 (Turbopack)
- Environments: .env.local

  Creating an optimized production build ...
✓ Compiled successfully in 9.3s
  Running TypeScript ...
  Finished TypeScript in 10.1s ...
  Collecting page data using 3 workers ...
  Generating static pages using 3 workers (0/28) ...
  Generating static pages using 3 workers (7/28) 
  Generating static pages using 3 workers (14/28) 
  Generating static pages using 3 workers (21/28) 
✓ Generating static pages using 3 workers (28/28) in 911ms
  Finalizing page optimization ...

Route (app)
┌ ○ /
├ ○ /_not-found
├ ○ /admin
├ ƒ /api/admin-auth
├ ƒ /api/admin/bookings
├ ƒ /api/admin/contacts
├ ƒ /api/admin/courses
├ ƒ /api/admin/hours
├ ƒ /api/booking
├ ƒ /api/chat
├ ƒ /api/courses
├ ƒ /api/cron/health
├ ƒ /api/internal/config-sync
├ ƒ /api/internal/health
├ ƒ /api/internal/maintenance-status
├ ƒ /api/internal/tenant-status
├ ○ /datenschutz
├ ○ /impressum
├ ○ /leistungen
├ ● /leistungen/[slug]
│ ├ /leistungen/tattoos
│ ├ /leistungen/piercings
│ ├ /leistungen/permanent-make-up
│ └ [+3 more paths]
├ ○ /maintenance
├ ○ /robots.txt
└ ○ /sitemap.xml


ƒ Proxy (Middleware)

○  (Static)   prerendered as static content
●  (SSG)      prerendered as static HTML (uses generateStaticParams)
ƒ  (Dynamic)  server-rendered on demand

